15:17:28.454 [main] INFO  testCases.TC003_LoginDDT - ***** Starting TC003_LoginDDT *****
15:17:33.480 [main] INFO  testCases.TC003_LoginDDT - ***** Finished TC003_LoginDDT *****
15:17:33.496 [main] INFO  testCases.TC003_LoginDDT - ***** Starting TC003_LoginDDT *****
15:17:39.179 [main] INFO  testCases.TC003_LoginDDT - ***** Finished TC003_LoginDDT *****
15:17:39.185 [main] INFO  testCases.TC003_LoginDDT - ***** Starting TC003_LoginDDT *****
15:17:54.085 [main] INFO  testCases.TC003_LoginDDT - ***** Finished TC003_LoginDDT *****
15:17:54.096 [main] INFO  testCases.TC003_LoginDDT - ***** Starting TC003_LoginDDT *****
15:17:58.788 [main] INFO  testCases.TC003_LoginDDT - ***** Finished TC003_LoginDDT *****
15:17:58.798 [main] INFO  testCases.TC003_LoginDDT - ***** Starting TC003_LoginDDT *****
15:18:13.008 [main] INFO  testCases.TC003_LoginDDT - ***** Finished TC003_LoginDDT *****
15:21:32.045 [main] INFO  org.testng.internal.Utils - [TestNG] Running:
  D:\Automation Testing\Selenium Java Programming\OpencartV121\grouping.xml

15:25:45.532 [main] INFO  org.testng.internal.Utils - [TestNG] Running:
  D:\Automation Testing\Selenium Java Programming\OpencartV121\grouping.xml

15:25:50.590 [main] INFO  testCases.TC001_AccountRegistrationTest - **** Starting TC001_AccountRegistrationTest ****
15:25:51.591 [main] INFO  testCases.TC001_AccountRegistrationTest - Clicked on MyAccount Link
15:25:52.140 [main] INFO  testCases.TC001_AccountRegistrationTest - Clicked on Register Link
15:25:52.145 [main] INFO  testCases.TC001_AccountRegistrationTest - Providing Customer Details...
15:25:53.898 [main] INFO  testCases.TC001_AccountRegistrationTest - Validating Expected Message..
15:25:53.978 [main] INFO  testCases.TC001_AccountRegistrationTest - **** Finished TC001_AccountRegistrationTest ****
15:25:57.500 [main] INFO  testCases.TC002_LoginTest - ***** Starting TC_002_LoginTest *****
15:26:00.047 [main] INFO  testCases.TC002_LoginTest - ***** Finished TC_002_LoginTest *****
15:32:02.727 [main] INFO  org.testng.internal.Utils - [TestNG] Running:
  D:\Automation Testing\Selenium Java Programming\OpencartV121\grouping.xml

15:32:07.260 [main] INFO  testCases.TC001_AccountRegistrationTest - **** Starting TC001_AccountRegistrationTest ****
15:32:08.352 [main] INFO  testCases.TC001_AccountRegistrationTest - Clicked on MyAccount Link
15:32:08.908 [main] INFO  testCases.TC001_AccountRegistrationTest - Clicked on Register Link
15:32:08.921 [main] INFO  testCases.TC001_AccountRegistrationTest - Providing Customer Details...
15:32:10.718 [main] INFO  testCases.TC001_AccountRegistrationTest - Validating Expected Message..
15:32:10.805 [main] INFO  testCases.TC001_AccountRegistrationTest - **** Finished TC001_AccountRegistrationTest ****
15:32:14.346 [main] INFO  testCases.TC002_LoginTest - ***** Starting TC_002_LoginTest *****
15:33:53.913 [main] INFO  org.testng.internal.Utils - [TestNG] Running:
  D:\Automation Testing\Selenium Java Programming\OpencartV121\grouping.xml

15:33:58.495 [main] INFO  testCases.TC001_AccountRegistrationTest - **** Starting TC001_AccountRegistrationTest ****
15:33:59.581 [main] INFO  testCases.TC001_AccountRegistrationTest - Clicked on MyAccount Link
15:34:00.170 [main] INFO  testCases.TC001_AccountRegistrationTest - Clicked on Register Link
15:34:00.180 [main] INFO  testCases.TC001_AccountRegistrationTest - Providing Customer Details...
15:34:01.894 [main] INFO  testCases.TC001_AccountRegistrationTest - Validating Expected Message..
15:34:01.978 [main] INFO  testCases.TC001_AccountRegistrationTest - **** Finished TC001_AccountRegistrationTest ****
15:34:06.187 [main] INFO  testCases.TC002_LoginTest - ***** Starting TC_002_LoginTest *****
15:42:25.254 [main] INFO  org.testng.internal.Utils - [TestNG] Running:
  D:\Automation Testing\Selenium Java Programming\OpencartV121\grouping.xml

15:42:29.978 [main] INFO  testCases.TC001_AccountRegistrationTest - **** Starting TC001_AccountRegistrationTest ****
15:42:30.977 [main] INFO  testCases.TC001_AccountRegistrationTest - Clicked on MyAccount Link
15:42:31.594 [main] INFO  testCases.TC001_AccountRegistrationTest - Clicked on Register Link
15:42:31.603 [main] INFO  testCases.TC001_AccountRegistrationTest - Providing Customer Details...
15:42:33.395 [main] INFO  testCases.TC001_AccountRegistrationTest - Validating Expected Message..
15:42:33.480 [main] INFO  testCases.TC001_AccountRegistrationTest - **** Finished TC001_AccountRegistrationTest ****
15:42:37.461 [main] INFO  testCases.TC002_LoginTest - ***** Starting TC_002_LoginTest *****
15:43:49.072 [main] INFO  org.testng.internal.Utils - [TestNG] Running:
  D:\Automation Testing\Selenium Java Programming\OpencartV121\grouping.xml

15:43:53.608 [main] INFO  testCases.TC001_AccountRegistrationTest - **** Starting TC001_AccountRegistrationTest ****
15:43:54.658 [main] INFO  testCases.TC001_AccountRegistrationTest - Clicked on MyAccount Link
15:43:55.210 [main] INFO  testCases.TC001_AccountRegistrationTest - Clicked on Register Link
