11:43:42.142 [main] INFO  org.testng.internal.Utils - [TestNG] Time taken by org.testng.reporters.JUnitReportReporter@50194e8d: 10 ms
11:43:42.152 [main] INFO  org.testng.internal.Utils - [TestNG] Time taken by org.testng.internal.ExitCodeListener@1ad8df52: 0 ms
12:17:15.721 [main] INFO  org.testng.internal.Utils - [TestNG] Running:
  D:\Automation Testing\Selenium Java Programming\OpencartV121\master.xml

12:17:21.183 [main] INFO  testCases.TC001_AccountRegistrationTest - **** Starting TC001_AccountRegistrationTest ****
12:17:22.098 [main] INFO  testCases.TC001_AccountRegistrationTest - Clicked on MyAccount Link
12:17:22.725 [main] INFO  testCases.TC001_AccountRegistrationTest - Clicked on Register Link
12:17:22.730 [main] INFO  testCases.TC001_AccountRegistrationTest - Providing Customer Details...
12:17:24.450 [main] INFO  testCases.TC001_AccountRegistrationTest - Validating Expected Message..
12:17:24.523 [main] INFO  testCases.TC001_AccountRegistrationTest - **** Finished TC001_AccountRegistrationTest ****
12:18:17.545 [main] INFO  org.testng.internal.Utils - [TestNG] Running:
  D:\Automation Testing\Selenium Java Programming\OpencartV121\master.xml

12:18:29.469 [main] INFO  testCases.TC001_AccountRegistrationTest - **** Starting TC001_AccountRegistrationTest ****
12:18:29.817 [main] INFO  testCases.TC001_AccountRegistrationTest - Clicked on MyAccount Link
12:18:30.505 [main] INFO  testCases.TC001_AccountRegistrationTest - Clicked on Register Link
12:18:30.521 [main] INFO  testCases.TC001_AccountRegistrationTest - Providing Customer Details...
12:18:32.718 [main] INFO  testCases.TC001_AccountRegistrationTest - Validating Expected Message..
12:18:32.766 [main] INFO  testCases.TC001_AccountRegistrationTest - **** Finished TC001_AccountRegistrationTest ****
12:30:46.351 [main] INFO  org.testng.internal.Utils - [TestNG] Running:
  D:\Automation Testing\Selenium Java Programming\OpencartV121\crossbrowsertesting.xml

12:30:50.690 [main] INFO  testCases.TC001_AccountRegistrationTest - **** Starting TC001_AccountRegistrationTest ****
12:30:51.630 [main] INFO  testCases.TC001_AccountRegistrationTest - Clicked on MyAccount Link
12:30:52.218 [main] INFO  testCases.TC001_AccountRegistrationTest - Clicked on Register Link
12:30:52.226 [main] INFO  testCases.TC001_AccountRegistrationTest - Providing Customer Details...
12:30:54.001 [main] INFO  testCases.TC001_AccountRegistrationTest - Validating Expected Message..
12:30:54.080 [main] INFO  testCases.TC001_AccountRegistrationTest - **** Finished TC001_AccountRegistrationTest ****
12:31:03.526 [main] INFO  testCases.TC001_AccountRegistrationTest - **** Starting TC001_AccountRegistrationTest ****
12:31:03.843 [main] INFO  testCases.TC001_AccountRegistrationTest - Clicked on MyAccount Link
12:31:04.472 [main] INFO  testCases.TC001_AccountRegistrationTest - Clicked on Register Link
12:31:04.473 [main] INFO  testCases.TC001_AccountRegistrationTest - Providing Customer Details...
12:31:06.576 [main] INFO  testCases.TC001_AccountRegistrationTest - Validating Expected Message..
12:31:06.641 [main] INFO  testCases.TC001_AccountRegistrationTest - **** Finished TC001_AccountRegistrationTest ****
12:31:15.802 [main] INFO  testCases.TC001_AccountRegistrationTest - **** Starting TC001_AccountRegistrationTest ****
12:31:16.162 [main] INFO  testCases.TC001_AccountRegistrationTest - Clicked on MyAccount Link
12:31:16.792 [main] INFO  testCases.TC001_AccountRegistrationTest - Clicked on Register Link
12:31:16.794 [main] INFO  testCases.TC001_AccountRegistrationTest - Providing Customer Details...
12:31:18.559 [main] INFO  testCases.TC001_AccountRegistrationTest - Validating Expected Message..
12:31:18.635 [main] INFO  testCases.TC001_AccountRegistrationTest - **** Finished TC001_AccountRegistrationTest ****
12:36:20.677 [main] INFO  org.testng.internal.Utils - [TestNG] Running:
  D:\Automation Testing\Selenium Java Programming\OpencartV121\crossbrowsertesting.xml

12:36:28.786 [TestNG-tests-2] INFO  testCases.TC001_AccountRegistrationTest - **** Starting TC001_AccountRegistrationTest ****
12:36:30.746 [TestNG-tests-1] INFO  testCases.TC001_AccountRegistrationTest - **** Starting TC001_AccountRegistrationTest ****
12:36:30.860 [TestNG-tests-2] INFO  testCases.TC001_AccountRegistrationTest - Clicked on MyAccount Link
12:36:31.783 [TestNG-tests-1] INFO  testCases.TC001_AccountRegistrationTest - Clicked on MyAccount Link
12:36:32.550 [TestNG-tests-2] INFO  testCases.TC001_AccountRegistrationTest - Clicked on Register Link
12:36:32.555 [TestNG-tests-2] INFO  testCases.TC001_AccountRegistrationTest - Providing Customer Details...
12:36:33.111 [TestNG-tests-1] INFO  testCases.TC001_AccountRegistrationTest - Clicked on Register Link
12:36:33.113 [TestNG-tests-1] INFO  testCases.TC001_AccountRegistrationTest - Providing Customer Details...
12:36:36.659 [TestNG-tests-1] INFO  testCases.TC001_AccountRegistrationTest - Validating Expected Message..
12:36:37.031 [TestNG-tests-1] INFO  testCases.TC001_AccountRegistrationTest - **** Finished TC001_AccountRegistrationTest ****
